  [1m[36m (1.2ms)[0m  [1mCREATE TABLE "schema_migrations" ("version" varchar NOT NULL) [0m
  [1m[35m (0.0ms)[0m  select sqlite_version(*)
  [1m[36m (1.0ms)[0m  [1mCREATE UNIQUE INDEX "unique_schema_migrations" ON "schema_migrations" ("version")[0m
  [1m[35mActiveRecord::SchemaMigration Load (0.1ms)[0m  SELECT "schema_migrations".* FROM "schema_migrations"
  [1m[36mActiveRecord::SchemaMigration Load (0.1ms)[0m  [1mSELECT "schema_migrations".* FROM "schema_migrations"[0m
Migrating to CreatePosts (20151230232412)
  [1m[35m (0.1ms)[0m  begin transaction
  [1m[36m (0.4ms)[0m  [1mCREATE TABLE "posts" ("id" INTEGER PRIMARY KEY AUTOINCREMENT NOT NULL, "title" varchar, "description" text, "created_at" datetime NOT NULL, "updated_at" datetime NOT NULL) [0m
  [1m[35mSQL (0.2ms)[0m  INSERT INTO "schema_migrations" ("version") VALUES (?)  [["version", "20151230232412"]]
  [1m[36m (1.3ms)[0m  [1mcommit transaction[0m
  [1m[35mActiveRecord::SchemaMigration Load (0.1ms)[0m  SELECT "schema_migrations".* FROM "schema_migrations"


Started GET "/posts/new" for ::1 at 2015-12-30 20:30:31 -0600
  [1m[36mActiveRecord::SchemaMigration Load (0.1ms)[0m  [1mSELECT "schema_migrations".* FROM "schema_migrations"[0m
Processing by PostsController#new as HTML
  Rendered posts/new.html.erb within layouts/application (2.7ms)
Completed 200 OK in 393ms (Views: 383.8ms | ActiveRecord: 0.0ms)


Started POST "/posts" for ::1 at 2015-12-30 20:30:37 -0600
Processing by PostsController#create as HTML
  Parameters: {"utf8"=>"✓", "authenticity_token"=>"Hjp1RiR9ya6iFqkxVbwpk4S8rTowSYfUHBxQZzKCrcwuqlFxP2gFlrxGWRZYDnx9U/sdURHTMwpX6/wSjx76KQ==", "title"=>"Rails Introduction Quiz", "description"=>"asdfasd", "commit"=>"Submit Post"}
Redirected to http://localhost:3000/posts/new
Completed 302 Found in 1ms (ActiveRecord: 0.0ms)


Started GET "/posts/new" for ::1 at 2015-12-30 20:30:37 -0600
Processing by PostsController#new as HTML
  Rendered posts/new.html.erb within layouts/application (0.4ms)
Completed 200 OK in 10ms (Views: 9.0ms | ActiveRecord: 0.0ms)


Started GET "/posts/new?someting=asdafdas" for ::1 at 2015-12-30 20:33:34 -0600
Processing by PostsController#new as HTML
  Parameters: {"someting"=>"asdafdas"}
  Rendered posts/new.html.erb within layouts/application (0.3ms)
Completed 200 OK in 9ms (Views: 8.1ms | ActiveRecord: 0.0ms)


Started GET "/posts/new?someting=asdafdas" for ::1 at 2015-12-30 20:40:29 -0600
Processing by PostsController#new as HTML
  Parameters: {"someting"=>"asdafdas"}
  Rendered posts/new.html.erb within layouts/application (0.4ms)
Completed 200 OK in 10ms (Views: 9.6ms | ActiveRecord: 0.0ms)


Started GET "/assets/application.self-e80e8f2318043e8af94dddc2adad5a4f09739a8ebb323b3ab31cd71d45fd9113.css?body=1" for ::1 at 2015-12-30 20:40:29 -0600


Started GET "/assets/jquery_ujs.self-d456baa54c1fa6be2ec3711f0a72ddf7a5b2f34a6b4f515f33767d6207b7d4b3.js?body=1" for ::1 at 2015-12-30 20:40:29 -0600


Started GET "/assets/jquery.self-a714331225dda820228db323939889f149aec0127aeb06255646b616ba1ca419.js?body=1" for ::1 at 2015-12-30 20:40:29 -0600


Started GET "/assets/application.self-3b8dabdc891efe46b9a144b400ad69e37d7e5876bdc39dee783419a69d7ca819.js?body=1" for ::1 at 2015-12-30 20:40:29 -0600


Started GET "/assets/turbolinks.self-c37727e9bd6b2735da5c311aa83fead54ed0be6cc8bd9a65309e9c5abe2cbfff.js?body=1" for ::1 at 2015-12-30 20:40:29 -0600


Started GET "/posts/new" for ::1 at 2015-12-30 20:40:37 -0600
Processing by PostsController#new as HTML
  Rendered posts/new.html.erb within layouts/application (0.4ms)
Completed 200 OK in 10ms (Views: 9.3ms | ActiveRecord: 0.0ms)


Started POST "/posts" for ::1 at 2015-12-30 20:40:55 -0600
Processing by PostsController#create as HTML
  Parameters: {"utf8"=>"✓", "authenticity_token"=>"8wEmAU4QXBwNFcOKOvFNuQeQp8Yq4xHFehAkMFbvryDDkQI2VQWQJBNFM603QxhX0NcXrQt5pRsx54hF63P4xQ==", "title"=>"Rails Introduction Quiz", "description"=>"asdfasdfasd", "commit"=>"Submit Post"}
Redirected to http://localhost:3000/posts/new
Completed 302 Found in 1ms (ActiveRecord: 0.0ms)


Started GET "/posts/new" for ::1 at 2015-12-30 20:40:55 -0600
Processing by PostsController#new as HTML
  Rendered posts/new.html.erb within layouts/application (0.3ms)
Completed 200 OK in 8ms (Views: 6.9ms | ActiveRecord: 0.0ms)


Started GET "/posts/new" for ::1 at 2015-12-30 20:41:09 -0600
Processing by PostsController#new as HTML
  Rendered posts/new.html.erb within layouts/application (0.4ms)
Completed 200 OK in 10ms (Views: 8.9ms | ActiveRecord: 0.0ms)


Started GET "/assets/application.self-e80e8f2318043e8af94dddc2adad5a4f09739a8ebb323b3ab31cd71d45fd9113.css?body=1" for ::1 at 2015-12-30 20:41:09 -0600


Started GET "/assets/turbolinks.self-c37727e9bd6b2735da5c311aa83fead54ed0be6cc8bd9a65309e9c5abe2cbfff.js?body=1" for ::1 at 2015-12-30 20:41:09 -0600


Started GET "/assets/jquery_ujs.self-d456baa54c1fa6be2ec3711f0a72ddf7a5b2f34a6b4f515f33767d6207b7d4b3.js?body=1" for ::1 at 2015-12-30 20:41:09 -0600


Started GET "/assets/jquery.self-a714331225dda820228db323939889f149aec0127aeb06255646b616ba1ca419.js?body=1" for ::1 at 2015-12-30 20:41:09 -0600


Started GET "/assets/application.self-3b8dabdc891efe46b9a144b400ad69e37d7e5876bdc39dee783419a69d7ca819.js?body=1" for ::1 at 2015-12-30 20:41:09 -0600


Started POST "/posts" for ::1 at 2015-12-30 20:41:12 -0600
Processing by PostsController#create as HTML
  Parameters: {"utf8"=>"✓", "authenticity_token"=>"wM0kUAuTuVVs64yO9C+2FgVExLWEkXYBL4fHjMvdHb/wXQBnEIZ1bXK7fKn5neP40gN03qULwt9kcGv5dkFKWg==", "title"=>"Rails Introduction Quiz", "description"=>"asdf", "commit"=>"Submit Post"}
Redirected to http://localhost:3000/posts/new?post%5Baction%5D=create&post%5Bauthenticity_token%5D=wM0kUAuTuVVs64yO9C%2B2FgVExLWEkXYBL4fHjMvdHb%2FwXQBnEIZ1bXK7fKn5neP40gN03qULwt9kcGv5dkFKWg%3D%3D&post%5Bcommit%5D=Submit+Post&post%5Bcontroller%5D=posts&post%5Bdescription%5D=asdf&post%5Btitle%5D=Rails+Introduction+Quiz&post%5Butf8%5D=%E2%9C%93
Completed 302 Found in 1ms (ActiveRecord: 0.0ms)


Started GET "/posts/new?post%5Baction%5D=create&post%5Bauthenticity_token%5D=wM0kUAuTuVVs64yO9C%2B2FgVExLWEkXYBL4fHjMvdHb%2FwXQBnEIZ1bXK7fKn5neP40gN03qULwt9kcGv5dkFKWg%3D%3D&post%5Bcommit%5D=Submit+Post&post%5Bcontroller%5D=posts&post%5Bdescription%5D=asdf&post%5Btitle%5D=Rails+Introduction+Quiz&post%5Butf8%5D=%E2%9C%93" for ::1 at 2015-12-30 20:41:12 -0600
Processing by PostsController#new as HTML
  Parameters: {"post"=>{"action"=>"create", "authenticity_token"=>"wM0kUAuTuVVs64yO9C+2FgVExLWEkXYBL4fHjMvdHb/wXQBnEIZ1bXK7fKn5neP40gN03qULwt9kcGv5dkFKWg==", "commit"=>"Submit Post", "controller"=>"posts", "description"=>"asdf", "title"=>"Rails Introduction Quiz", "utf8"=>"✓"}}
  Rendered posts/new.html.erb within layouts/application (0.3ms)
Completed 200 OK in 8ms (Views: 7.2ms | ActiveRecord: 0.0ms)


Started GET "/posts" for ::1 at 2016-08-17 19:36:48 -0400
  [1m[36mActiveRecord::SchemaMigration Load (0.5ms)[0m  [1mSELECT "schema_migrations".* FROM "schema_migrations"[0m
Processing by PostsController#index as HTML
  [1m[35mPost Load (0.5ms)[0m  SELECT  "posts".* FROM "posts"  ORDER BY "posts"."id" ASC LIMIT 1
  Rendered posts/index.html.erb within layouts/application (13.1ms)
Completed 500 Internal Server Error in 46ms (ActiveRecord: 1.4ms)

ActionView::Template::Error (undefined method `title' for nil:NilClass):
    1: <%=Post.first.title%>
  app/views/posts/index.html.erb:1:in `_app_views_posts_index_html_erb___4341217512338590280_70144592729580'


  Rendered /Users/jacob_dowd/.rvm/gems/ruby-2.2.2/gems/actionpack-4.2.5/lib/action_dispatch/middleware/templates/rescues/_source.erb (9.5ms)
  Rendered /Users/jacob_dowd/.rvm/gems/ruby-2.2.2/gems/actionpack-4.2.5/lib/action_dispatch/middleware/templates/rescues/_trace.html.erb (6.1ms)
  Rendered /Users/jacob_dowd/.rvm/gems/ruby-2.2.2/gems/actionpack-4.2.5/lib/action_dispatch/middleware/templates/rescues/_request_and_response.html.erb (1.5ms)
  Rendered /Users/jacob_dowd/.rvm/gems/ruby-2.2.2/gems/actionpack-4.2.5/lib/action_dispatch/middleware/templates/rescues/template_error.html.erb within rescues/layout (87.0ms)
  Rendered /Users/jacob_dowd/.rvm/gems/ruby-2.2.2/gems/web-console-2.2.1/lib/web_console/templates/_markup.html.erb (0.4ms)
  Rendered /Users/jacob_dowd/.rvm/gems/ruby-2.2.2/gems/web-console-2.2.1/lib/web_console/templates/_inner_console_markup.html.erb within layouts/inlined_string (0.5ms)
  Rendered /Users/jacob_dowd/.rvm/gems/ruby-2.2.2/gems/web-console-2.2.1/lib/web_console/templates/_prompt_box_markup.html.erb within layouts/inlined_string (0.4ms)
  Rendered /Users/jacob_dowd/.rvm/gems/ruby-2.2.2/gems/web-console-2.2.1/lib/web_console/templates/style.css.erb within layouts/inlined_string (0.5ms)
  Rendered /Users/jacob_dowd/.rvm/gems/ruby-2.2.2/gems/web-console-2.2.1/lib/web_console/templates/console.js.erb within layouts/javascript (71.9ms)
  Rendered /Users/jacob_dowd/.rvm/gems/ruby-2.2.2/gems/web-console-2.2.1/lib/web_console/templates/main.js.erb within layouts/javascript (0.3ms)
  Rendered /Users/jacob_dowd/.rvm/gems/ruby-2.2.2/gems/web-console-2.2.1/lib/web_console/templates/error_page.js.erb within layouts/javascript (0.7ms)
  Rendered /Users/jacob_dowd/.rvm/gems/ruby-2.2.2/gems/web-console-2.2.1/lib/web_console/templates/index.html.erb (153.2ms)


Started GET "/posts" for ::1 at 2016-08-17 19:38:38 -0400
  [1m[36mActiveRecord::SchemaMigration Load (0.5ms)[0m  [1mSELECT "schema_migrations".* FROM "schema_migrations"[0m
Processing by PostsController#index as HTML
  [1m[35mPost Load (0.6ms)[0m  SELECT  "posts".* FROM "posts"  ORDER BY "posts"."id" ASC LIMIT 1
  Rendered posts/index.html.erb within layouts/application (13.4ms)
Completed 500 Internal Server Error in 46ms (ActiveRecord: 1.3ms)

ActionView::Template::Error (undefined method `title' for nil:NilClass):
    1: <%=@posts.first.title%>
  app/views/posts/index.html.erb:1:in `_app_views_posts_index_html_erb___4184802751721392258_70227808568320'


  Rendered /Users/jacob_dowd/.rvm/gems/ruby-2.2.2/gems/actionpack-4.2.5/lib/action_dispatch/middleware/templates/rescues/_source.erb (8.2ms)
  Rendered /Users/jacob_dowd/.rvm/gems/ruby-2.2.2/gems/actionpack-4.2.5/lib/action_dispatch/middleware/templates/rescues/_trace.html.erb (3.5ms)
  Rendered /Users/jacob_dowd/.rvm/gems/ruby-2.2.2/gems/actionpack-4.2.5/lib/action_dispatch/middleware/templates/rescues/_request_and_response.html.erb (2.5ms)
  Rendered /Users/jacob_dowd/.rvm/gems/ruby-2.2.2/gems/actionpack-4.2.5/lib/action_dispatch/middleware/templates/rescues/template_error.html.erb within rescues/layout (81.3ms)
  Rendered /Users/jacob_dowd/.rvm/gems/ruby-2.2.2/gems/web-console-2.2.1/lib/web_console/templates/_markup.html.erb (0.4ms)
  Rendered /Users/jacob_dowd/.rvm/gems/ruby-2.2.2/gems/web-console-2.2.1/lib/web_console/templates/_inner_console_markup.html.erb within layouts/inlined_string (0.8ms)
  Rendered /Users/jacob_dowd/.rvm/gems/ruby-2.2.2/gems/web-console-2.2.1/lib/web_console/templates/_prompt_box_markup.html.erb within layouts/inlined_string (0.5ms)
  Rendered /Users/jacob_dowd/.rvm/gems/ruby-2.2.2/gems/web-console-2.2.1/lib/web_console/templates/style.css.erb within layouts/inlined_string (0.6ms)
  Rendered /Users/jacob_dowd/.rvm/gems/ruby-2.2.2/gems/web-console-2.2.1/lib/web_console/templates/console.js.erb within layouts/javascript (68.5ms)
  Rendered /Users/jacob_dowd/.rvm/gems/ruby-2.2.2/gems/web-console-2.2.1/lib/web_console/templates/main.js.erb within layouts/javascript (0.4ms)
  Rendered /Users/jacob_dowd/.rvm/gems/ruby-2.2.2/gems/web-console-2.2.1/lib/web_console/templates/error_page.js.erb within layouts/javascript (0.4ms)
  Rendered /Users/jacob_dowd/.rvm/gems/ruby-2.2.2/gems/web-console-2.2.1/lib/web_console/templates/index.html.erb (157.8ms)


Started GET "/posts/new" for ::1 at 2016-08-17 19:38:49 -0400
Processing by PostsController#new as HTML
  Rendered posts/new.html.erb within layouts/application (2.0ms)
Completed 200 OK in 426ms (Views: 425.8ms | ActiveRecord: 0.0ms)


Started GET "/assets/application.self-e80e8f2318043e8af94dddc2adad5a4f09739a8ebb323b3ab31cd71d45fd9113.css?body=1" for ::1 at 2016-08-17 19:38:50 -0400


Started GET "/assets/jquery_ujs.self-d456baa54c1fa6be2ec3711f0a72ddf7a5b2f34a6b4f515f33767d6207b7d4b3.js?body=1" for ::1 at 2016-08-17 19:38:50 -0400


Started GET "/assets/jquery.self-a714331225dda820228db323939889f149aec0127aeb06255646b616ba1ca419.js?body=1" for ::1 at 2016-08-17 19:38:50 -0400


Started GET "/assets/turbolinks.self-c37727e9bd6b2735da5c311aa83fead54ed0be6cc8bd9a65309e9c5abe2cbfff.js?body=1" for ::1 at 2016-08-17 19:38:50 -0400


Started GET "/assets/application.self-3b8dabdc891efe46b9a144b400ad69e37d7e5876bdc39dee783419a69d7ca819.js?body=1" for ::1 at 2016-08-17 19:38:50 -0400


Started POST "/posts" for ::1 at 2016-08-17 19:38:57 -0400
Processing by PostsController#create as HTML
  Parameters: {"utf8"=>"✓", "authenticity_token"=>"dOazY2GyulhCdQWTA56vJb1Hb+ld0K5mvTrqIK3OoCobQjYgOOX0xuvIxlvaSrSJ8kr/ZEVoWnKHG0Qha/5xKQ==", "title"=>"ween", "description"=>"jeen\r\n", "commit"=>"Submit Post"}
Redirected to http://localhost:3000/posts/new?post%5Baction%5D=create&post%5Bauthenticity_token%5D=dOazY2GyulhCdQWTA56vJb1Hb%2Bld0K5mvTrqIK3OoCobQjYgOOX0xuvIxlvaSrSJ8kr%2FZEVoWnKHG0Qha%2F5xKQ%3D%3D&post%5Bcommit%5D=Submit+Post&post%5Bcontroller%5D=posts&post%5Bdescription%5D=jeen%0D%0A&post%5Btitle%5D=ween&post%5Butf8%5D=%E2%9C%93
Completed 302 Found in 2ms (ActiveRecord: 0.0ms)


Started GET "/posts/new?post%5Baction%5D=create&post%5Bauthenticity_token%5D=dOazY2GyulhCdQWTA56vJb1Hb%2Bld0K5mvTrqIK3OoCobQjYgOOX0xuvIxlvaSrSJ8kr%2FZEVoWnKHG0Qha%2F5xKQ%3D%3D&post%5Bcommit%5D=Submit+Post&post%5Bcontroller%5D=posts&post%5Bdescription%5D=jeen%0D%0A&post%5Btitle%5D=ween&post%5Butf8%5D=%E2%9C%93" for ::1 at 2016-08-17 19:38:57 -0400
Processing by PostsController#new as HTML
  Parameters: {"post"=>{"action"=>"create", "authenticity_token"=>"dOazY2GyulhCdQWTA56vJb1Hb+ld0K5mvTrqIK3OoCobQjYgOOX0xuvIxlvaSrSJ8kr/ZEVoWnKHG0Qha/5xKQ==", "commit"=>"Submit Post", "controller"=>"posts", "description"=>"jeen\r\n", "title"=>"ween", "utf8"=>"✓"}}
  Rendered posts/new.html.erb within layouts/application (0.5ms)
Completed 200 OK in 21ms (Views: 20.5ms | ActiveRecord: 0.0ms)


Started GET "/posts/new?post%5Baction%5D=create&post%5Bauthenticity_token%5D=dOazY2GyulhCdQWTA56vJb1Hb%2Bld0K5mvTrqIK3OoCobQjYgOOX0xuvIxlvaSrSJ8kr%2FZEVoWnKHG0Qha%2F5xKQ%3D%3D&post%5Bcommit%5D=Submit+Post&post%5Bcontroller%5D=posts&post%5Bdescription%5D=jeen%0D%0A&post%5Btitle%5D=ween&post%5Butf8%5D=%E2%9C%93" for ::1 at 2016-08-17 19:39:54 -0400
Processing by PostsController#new as HTML
  Parameters: {"post"=>{"action"=>"create", "authenticity_token"=>"dOazY2GyulhCdQWTA56vJb1Hb+ld0K5mvTrqIK3OoCobQjYgOOX0xuvIxlvaSrSJ8kr/ZEVoWnKHG0Qha/5xKQ==", "commit"=>"Submit Post", "controller"=>"posts", "description"=>"jeen\r\n", "title"=>"ween", "utf8"=>"✓"}}
  Rendered posts/new.html.erb within layouts/application (1.5ms)
Completed 200 OK in 49ms (Views: 47.2ms | ActiveRecord: 0.0ms)


Started GET "/assets/application.self-e80e8f2318043e8af94dddc2adad5a4f09739a8ebb323b3ab31cd71d45fd9113.css?body=1" for ::1 at 2016-08-17 19:39:54 -0400


Started GET "/assets/jquery_ujs.self-d456baa54c1fa6be2ec3711f0a72ddf7a5b2f34a6b4f515f33767d6207b7d4b3.js?body=1" for ::1 at 2016-08-17 19:39:54 -0400


Started GET "/assets/turbolinks.self-c37727e9bd6b2735da5c311aa83fead54ed0be6cc8bd9a65309e9c5abe2cbfff.js?body=1" for ::1 at 2016-08-17 19:39:54 -0400


Started GET "/assets/jquery.self-a714331225dda820228db323939889f149aec0127aeb06255646b616ba1ca419.js?body=1" for ::1 at 2016-08-17 19:39:54 -0400


Started GET "/assets/application.self-3b8dabdc891efe46b9a144b400ad69e37d7e5876bdc39dee783419a69d7ca819.js?body=1" for ::1 at 2016-08-17 19:39:54 -0400


Started POST "/posts" for ::1 at 2016-08-17 19:39:58 -0400
Processing by PostsController#create as HTML
  Parameters: {"utf8"=>"✓", "authenticity_token"=>"cEdu1cTy8aGtilUIcm/A6Wx7yaDjggt4cKdbaZA+KJ0f4+uWnaW/PwQ3lsCru9tFI3ZZLfs6/2xKhvVoVg75ng==", "title"=>"asdf", "description"=>"asdf", "commit"=>"Submit Post"}
Completed 500 Internal Server Error in 8ms (ActiveRecord: 0.0ms)

NoMethodError (undefined method `post_path' for #<PostsController:0x007fbe5f53c328>):
  app/controllers/posts_controller.rb:13:in `create'


  Rendered /Users/jacob_dowd/.rvm/gems/ruby-2.2.2/gems/actionpack-4.2.5/lib/action_dispatch/middleware/templates/rescues/_source.erb (7.9ms)
  Rendered /Users/jacob_dowd/.rvm/gems/ruby-2.2.2/gems/actionpack-4.2.5/lib/action_dispatch/middleware/templates/rescues/_trace.html.erb (2.3ms)
  Rendered /Users/jacob_dowd/.rvm/gems/ruby-2.2.2/gems/actionpack-4.2.5/lib/action_dispatch/middleware/templates/rescues/_request_and_response.html.erb (1.4ms)
  Rendered /Users/jacob_dowd/.rvm/gems/ruby-2.2.2/gems/actionpack-4.2.5/lib/action_dispatch/middleware/templates/rescues/diagnostics.html.erb within rescues/layout (81.4ms)
  Rendered /Users/jacob_dowd/.rvm/gems/ruby-2.2.2/gems/web-console-2.2.1/lib/web_console/templates/_markup.html.erb (0.7ms)
  Rendered /Users/jacob_dowd/.rvm/gems/ruby-2.2.2/gems/web-console-2.2.1/lib/web_console/templates/_inner_console_markup.html.erb within layouts/inlined_string (0.6ms)
  Rendered /Users/jacob_dowd/.rvm/gems/ruby-2.2.2/gems/web-console-2.2.1/lib/web_console/templates/_prompt_box_markup.html.erb within layouts/inlined_string (0.4ms)
  Rendered /Users/jacob_dowd/.rvm/gems/ruby-2.2.2/gems/web-console-2.2.1/lib/web_console/templates/style.css.erb within layouts/inlined_string (0.5ms)
  Rendered /Users/jacob_dowd/.rvm/gems/ruby-2.2.2/gems/web-console-2.2.1/lib/web_console/templates/console.js.erb within layouts/javascript (63.8ms)
  Rendered /Users/jacob_dowd/.rvm/gems/ruby-2.2.2/gems/web-console-2.2.1/lib/web_console/templates/main.js.erb within layouts/javascript (0.4ms)
  Rendered /Users/jacob_dowd/.rvm/gems/ruby-2.2.2/gems/web-console-2.2.1/lib/web_console/templates/error_page.js.erb within layouts/javascript (0.5ms)
  Rendered /Users/jacob_dowd/.rvm/gems/ruby-2.2.2/gems/web-console-2.2.1/lib/web_console/templates/index.html.erb (141.2ms)


Started POST "/posts" for ::1 at 2016-08-17 19:40:14 -0400
Processing by PostsController#create as HTML
  Parameters: {"utf8"=>"✓", "authenticity_token"=>"cEdu1cTy8aGtilUIcm/A6Wx7yaDjggt4cKdbaZA+KJ0f4+uWnaW/PwQ3lsCru9tFI3ZZLfs6/2xKhvVoVg75ng==", "title"=>"asdf", "description"=>"asdf", "commit"=>"Submit Post"}
Redirected to http://localhost:3000/posts?post%5Baction%5D=create&post%5Bauthenticity_token%5D=cEdu1cTy8aGtilUIcm%2FA6Wx7yaDjggt4cKdbaZA%2BKJ0f4%2BuWnaW%2FPwQ3lsCru9tFI3ZZLfs6%2F2xKhvVoVg75ng%3D%3D&post%5Bcommit%5D=Submit+Post&post%5Bcontroller%5D=posts&post%5Bdescription%5D=asdf&post%5Btitle%5D=asdf&post%5Butf8%5D=%E2%9C%93
Completed 302 Found in 2ms (ActiveRecord: 0.0ms)


Started GET "/posts?post%5Baction%5D=create&post%5Bauthenticity_token%5D=cEdu1cTy8aGtilUIcm%2FA6Wx7yaDjggt4cKdbaZA%2BKJ0f4%2BuWnaW%2FPwQ3lsCru9tFI3ZZLfs6%2F2xKhvVoVg75ng%3D%3D&post%5Bcommit%5D=Submit+Post&post%5Bcontroller%5D=posts&post%5Bdescription%5D=asdf&post%5Btitle%5D=asdf&post%5Butf8%5D=%E2%9C%93" for ::1 at 2016-08-17 19:40:14 -0400
Processing by PostsController#index as HTML
  Parameters: {"post"=>{"action"=>"create", "authenticity_token"=>"cEdu1cTy8aGtilUIcm/A6Wx7yaDjggt4cKdbaZA+KJ0f4+uWnaW/PwQ3lsCru9tFI3ZZLfs6/2xKhvVoVg75ng==", "commit"=>"Submit Post", "controller"=>"posts", "description"=>"asdf", "title"=>"asdf", "utf8"=>"✓"}}
  [1m[36mPost Load (0.8ms)[0m  [1mSELECT "posts".* FROM "posts"[0m
  [1m[35mCACHE (0.1ms)[0m  SELECT "posts".* FROM "posts"
Completed 500 Internal Server Error in 59624ms (ActiveRecord: 1.3ms)

SystemExit (exit):
  app/controllers/posts_controller.rb:8:in `index'


  Rendered /Users/jacob_dowd/.rvm/gems/ruby-2.2.2/gems/actionpack-4.2.5/lib/action_dispatch/middleware/templates/rescues/_source.erb (231.9ms)
  Rendered /Users/jacob_dowd/.rvm/gems/ruby-2.2.2/gems/actionpack-4.2.5/lib/action_dispatch/middleware/templates/rescues/_trace.html.erb (50.8ms)
  Rendered /Users/jacob_dowd/.rvm/gems/ruby-2.2.2/gems/actionpack-4.2.5/lib/action_dispatch/middleware/templates/rescues/_request_and_response.html.erb (4.2ms)
  Rendered /Users/jacob_dowd/.rvm/gems/ruby-2.2.2/gems/actionpack-4.2.5/lib/action_dispatch/middleware/templates/rescues/diagnostics.html.erb within rescues/layout (366.3ms)
  Rendered /Users/jacob_dowd/.rvm/gems/ruby-2.2.2/gems/web-console-2.2.1/lib/web_console/templates/_markup.html.erb (2.4ms)
  Rendered /Users/jacob_dowd/.rvm/gems/ruby-2.2.2/gems/web-console-2.2.1/lib/web_console/templates/_inner_console_markup.html.erb within layouts/inlined_string (1.2ms)
  Rendered /Users/jacob_dowd/.rvm/gems/ruby-2.2.2/gems/web-console-2.2.1/lib/web_console/templates/_prompt_box_markup.html.erb within layouts/inlined_string (2.6ms)
  Rendered /Users/jacob_dowd/.rvm/gems/ruby-2.2.2/gems/web-console-2.2.1/lib/web_console/templates/style.css.erb within layouts/inlined_string (1.6ms)
  Rendered /Users/jacob_dowd/.rvm/gems/ruby-2.2.2/gems/web-console-2.2.1/lib/web_console/templates/console.js.erb within layouts/javascript (89.3ms)
  Rendered /Users/jacob_dowd/.rvm/gems/ruby-2.2.2/gems/web-console-2.2.1/lib/web_console/templates/main.js.erb within layouts/javascript (1.3ms)
  Rendered /Users/jacob_dowd/.rvm/gems/ruby-2.2.2/gems/web-console-2.2.1/lib/web_console/templates/error_page.js.erb within layouts/javascript (2.0ms)
  Rendered /Users/jacob_dowd/.rvm/gems/ruby-2.2.2/gems/web-console-2.2.1/lib/web_console/templates/index.html.erb (216.8ms)
  [1m[36mActiveRecord::SchemaMigration Load (0.6ms)[0m  [1mSELECT "schema_migrations".* FROM "schema_migrations"[0m
  [1m[35mActiveRecord::SchemaMigration Load (0.1ms)[0m  SELECT "schema_migrations".* FROM "schema_migrations"


Started GET "/posts?post%5Baction%5D=create&post%5Bauthenticity_token%5D=cEdu1cTy8aGtilUIcm%2FA6Wx7yaDjggt4cKdbaZA%2BKJ0f4%2BuWnaW%2FPwQ3lsCru9tFI3ZZLfs6%2F2xKhvVoVg75ng%3D%3D&post%5Bcommit%5D=Submit+Post&post%5Bcontroller%5D=posts&post%5Bdescription%5D=asdf&post%5Btitle%5D=asdf&post%5Butf8%5D=%E2%9C%93" for ::1 at 2016-08-17 19:55:55 -0400
  [1m[36mActiveRecord::SchemaMigration Load (0.5ms)[0m  [1mSELECT "schema_migrations".* FROM "schema_migrations"[0m
Processing by PostsController#index as HTML
  Parameters: {"post"=>{"action"=>"create", "authenticity_token"=>"cEdu1cTy8aGtilUIcm/A6Wx7yaDjggt4cKdbaZA+KJ0f4+uWnaW/PwQ3lsCru9tFI3ZZLfs6/2xKhvVoVg75ng==", "commit"=>"Submit Post", "controller"=>"posts", "description"=>"asdf", "title"=>"asdf", "utf8"=>"✓"}}
  Rendered posts/index.html.erb within layouts/application (2.0ms)
Completed 200 OK in 360ms (Views: 345.4ms | ActiveRecord: 0.0ms)


Started POST "/posts" for ::1 at 2016-08-17 19:56:01 -0400
Processing by PostsController#create as HTML
  Parameters: {"utf8"=>"✓", "authenticity_token"=>"cEdu1cTy8aGtilUIcm/A6Wx7yaDjggt4cKdbaZA+KJ0f4+uWnaW/PwQ3lsCru9tFI3ZZLfs6/2xKhvVoVg75ng==", "title"=>"asdf", "description"=>"asdf", "commit"=>"Submit Post"}
Redirected to http://localhost:3000/posts/new?post%5Baction%5D=create&post%5Bauthenticity_token%5D=cEdu1cTy8aGtilUIcm%2FA6Wx7yaDjggt4cKdbaZA%2BKJ0f4%2BuWnaW%2FPwQ3lsCru9tFI3ZZLfs6%2F2xKhvVoVg75ng%3D%3D&post%5Bcommit%5D=Submit+Post&post%5Bcontroller%5D=posts&post%5Bdescription%5D=asdf&post%5Btitle%5D=asdf&post%5Butf8%5D=%E2%9C%93
Completed 302 Found in 2ms (ActiveRecord: 0.0ms)


Started GET "/posts/new?post%5Baction%5D=create&post%5Bauthenticity_token%5D=cEdu1cTy8aGtilUIcm%2FA6Wx7yaDjggt4cKdbaZA%2BKJ0f4%2BuWnaW%2FPwQ3lsCru9tFI3ZZLfs6%2F2xKhvVoVg75ng%3D%3D&post%5Bcommit%5D=Submit+Post&post%5Bcontroller%5D=posts&post%5Bdescription%5D=asdf&post%5Btitle%5D=asdf&post%5Butf8%5D=%E2%9C%93" for ::1 at 2016-08-17 19:56:01 -0400
Processing by PostsController#new as HTML
  Parameters: {"post"=>{"action"=>"create", "authenticity_token"=>"cEdu1cTy8aGtilUIcm/A6Wx7yaDjggt4cKdbaZA+KJ0f4+uWnaW/PwQ3lsCru9tFI3ZZLfs6/2xKhvVoVg75ng==", "commit"=>"Submit Post", "controller"=>"posts", "description"=>"asdf", "title"=>"asdf", "utf8"=>"✓"}}
  Rendered posts/new.html.erb within layouts/application (1.3ms)
Completed 200 OK in 30ms (Views: 29.1ms | ActiveRecord: 0.0ms)


Started POST "/posts" for ::1 at 2016-08-17 20:09:50 -0400
Processing by PostsController#create as HTML
  Parameters: {"utf8"=>"✓", "authenticity_token"=>"U+zbfRjbKl7dA03vinyQexYPaMDDHSeljLULqazbm+88SF4+QYxkwHS+jidTqIvXWQL4Tdul07G2lKWoautK7A==", "title"=>"dsafa", "description"=>"sdfa", "commit"=>"Submit Post"}
Redirected to http://localhost:3000/posts/new?post%5Baction%5D=create&post%5Bauthenticity_token%5D=U%2BzbfRjbKl7dA03vinyQexYPaMDDHSeljLULqazbm%2B88SF4%2BQYxkwHS%2BjidTqIvXWQL4Tdul07G2lKWoautK7A%3D%3D&post%5Bcommit%5D=Submit+Post&post%5Bcontroller%5D=posts&post%5Bdescription%5D=sdfa&post%5Btitle%5D=dsafa&post%5Butf8%5D=%E2%9C%93
Completed 302 Found in 5ms (ActiveRecord: 0.0ms)


Started GET "/posts/new?post%5Baction%5D=create&post%5Bauthenticity_token%5D=U%2BzbfRjbKl7dA03vinyQexYPaMDDHSeljLULqazbm%2B88SF4%2BQYxkwHS%2BjidTqIvXWQL4Tdul07G2lKWoautK7A%3D%3D&post%5Bcommit%5D=Submit+Post&post%5Bcontroller%5D=posts&post%5Bdescription%5D=sdfa&post%5Btitle%5D=dsafa&post%5Butf8%5D=%E2%9C%93" for ::1 at 2016-08-17 20:09:50 -0400
Processing by PostsController#new as HTML
  Parameters: {"post"=>{"action"=>"create", "authenticity_token"=>"U+zbfRjbKl7dA03vinyQexYPaMDDHSeljLULqazbm+88SF4+QYxkwHS+jidTqIvXWQL4Tdul07G2lKWoautK7A==", "commit"=>"Submit Post", "controller"=>"posts", "description"=>"sdfa", "title"=>"dsafa", "utf8"=>"✓"}}
  Rendered posts/new.html.erb within layouts/application (1.9ms)
Completed 200 OK in 53ms (Views: 51.9ms | ActiveRecord: 0.0ms)


Started POST "/posts" for ::1 at 2016-08-17 20:10:05 -0400
Processing by PostsController#create as HTML
  Parameters: {"utf8"=>"✓", "authenticity_token"=>"mjwJGj/hZ4bVJDPZoHDY0gRMBTbrjoWttMNcmREQa6H1mIxZZrYpGHyZ8BF5pMN+S0GVu/M2cbmO4vKY1yC6og==", "title"=>"dasfa", "description"=>"dsfa", "commit"=>"Submit Post"}
Completed 500 Internal Server Error in 3ms (ActiveRecord: 0.0ms)

ActionController::UrlGenerationError (No route matches {:action=>"show", :controller=>"posts", :post=>{"utf8"=>"✓", "authenticity_token"=>"mjwJGj/hZ4bVJDPZoHDY0gRMBTbrjoWttMNcmREQa6H1mIxZZrYpGHyZ8BF5pMN+S0GVu/M2cbmO4vKY1yC6og==", "title"=>"dasfa", "description"=>"dsfa", "commit"=>"Submit Post", "controller"=>"posts", "action"=>"create"}} missing required keys: [:id]):
  app/controllers/posts_controller.rb:11:in `create'


  Rendered /Users/jacob_dowd/.rvm/gems/ruby-2.2.2/gems/actionpack-4.2.5/lib/action_dispatch/middleware/templates/rescues/_source.erb (5.5ms)
  Rendered /Users/jacob_dowd/.rvm/gems/ruby-2.2.2/gems/actionpack-4.2.5/lib/action_dispatch/middleware/templates/rescues/_trace.html.erb (3.4ms)
  Rendered /Users/jacob_dowd/.rvm/gems/ruby-2.2.2/gems/actionpack-4.2.5/lib/action_dispatch/middleware/templates/rescues/_request_and_response.html.erb (1.6ms)
  Rendered /Users/jacob_dowd/.rvm/gems/ruby-2.2.2/gems/actionpack-4.2.5/lib/action_dispatch/middleware/templates/rescues/diagnostics.html.erb within rescues/layout (79.9ms)
  Rendered /Users/jacob_dowd/.rvm/gems/ruby-2.2.2/gems/web-console-2.2.1/lib/web_console/templates/_markup.html.erb (0.5ms)
  Rendered /Users/jacob_dowd/.rvm/gems/ruby-2.2.2/gems/web-console-2.2.1/lib/web_console/templates/_inner_console_markup.html.erb within layouts/inlined_string (0.7ms)
  Rendered /Users/jacob_dowd/.rvm/gems/ruby-2.2.2/gems/web-console-2.2.1/lib/web_console/templates/_prompt_box_markup.html.erb within layouts/inlined_string (0.5ms)
  Rendered /Users/jacob_dowd/.rvm/gems/ruby-2.2.2/gems/web-console-2.2.1/lib/web_console/templates/style.css.erb within layouts/inlined_string (0.4ms)
  Rendered /Users/jacob_dowd/.rvm/gems/ruby-2.2.2/gems/web-console-2.2.1/lib/web_console/templates/console.js.erb within layouts/javascript (76.1ms)
  Rendered /Users/jacob_dowd/.rvm/gems/ruby-2.2.2/gems/web-console-2.2.1/lib/web_console/templates/main.js.erb within layouts/javascript (0.4ms)
  Rendered /Users/jacob_dowd/.rvm/gems/ruby-2.2.2/gems/web-console-2.2.1/lib/web_console/templates/error_page.js.erb within layouts/javascript (0.5ms)
  Rendered /Users/jacob_dowd/.rvm/gems/ruby-2.2.2/gems/web-console-2.2.1/lib/web_console/templates/index.html.erb (165.2ms)
